\o Program:		@(#)$CDS: libManager version 6.1.8 - CAT37 02/10/2023 14:05 (cpgsrv13) $
\o Sub version:		sub-version  s312 
\o Arguments:		-mpssession virtuoso3574657 -mpshost tux-162 
\o Working Directory:	tux-162:/groupspace/shared/a/a-ece555-2022/ece555/ECE555
\o 64-bit offsets
\o Qt version: 		5.9.1
\o Log file is "/groupspace/shared/a/a-ece555-2022/ece555/ECE555/libManager.log".
\o Opening libManager window.
\a nrResizeWindow(cdsLibManager list(525 174 602 491))
\a nrSetCurrentWindow(cdsLibManager)
\o changeWorkingDir("/groupspace/shared/a/a-ece555-2022/ece555/ECE555") unnecessary.
\o ddSetForcedLib("") unnecessary.
\o MPS service: map window
\o Library Manager customization server connected.
\w Warning: The directory: '/cdslib/setup/setup_asap7.csh/asap7sc6t_26' does not exist
\w 	but was defined in libFile '/groupspace/shared/a/a-ece555-2022/ece555/ECE555/cds.lib' for Lib 'asap7sc6t_26'.
\w Warning: The directory: '/cdslib/setup/setup_asap7.csh/asap7sc7p5t_28' does not exist
\w 	but was defined in libFile '/groupspace/shared/a/a-ece555-2022/ece555/ECE555/cds.lib' for Lib 'asap7sc7p5t_28'.
\w Warning: The directory: '/cdslib/setup/setup_asap7.csh/asap7ssc7p5t_05' does not exist
\w 	but was defined in libFile '/groupspace/shared/a/a-ece555-2022/ece555/ECE555/cds.lib' for Lib 'asap7ssc7p5t'.
\w Warning: The directory: '/cdslib/setup/setup_asap7.csh/cdslib/asap7_TechLib' does not exist
\w 	but was defined in libFile '/groupspace/shared/a/a-ece555-2022/ece555/ECE555/cds.lib' for Lib 'asap7_TechLib'.
\w Warning: The directory: '/groupspace/shared/a/a-ece555-2022/ece555/ECE555/$CDSHOME/tools/dfII/samples/cdslib/sample' does not exist
\w 	but was defined in libFile '/groupspace/shared/a/a-ece555-2022/ece555/ECE555/cds.lib' for Lib 'sample'.
\a nrSetCurrentWindow(cdsLibManager)
\a cdsLibManager->libListBox->value = "cdsDefTechLib"
\a cdsLibManager->libLineEdit->value = "cdsDefTechLib"
\a nrSetWindowVisibility(cdsLibManager "hide")
\a _lmgrCloseIconify("cdsLibManager" 1)
\o MPS service: shutdown
\o libManager is exiting.
\a exit(0)
